<?xml version="1.0" encoding="UTF-8"?>
<testng-results skipped="0" failed="0" total="1" passed="1">
  <reporter-output>
  </reporter-output>
  <suite name="Default suite" duration-ms="17892" started-at="2020-05-31T07:10:47Z" finished-at="2020-05-31T07:11:05Z">
    <groups>
    </groups>
    <test name="Default test" duration-ms="17892" started-at="2020-05-31T07:10:47Z" finished-at="2020-05-31T07:11:05Z">
      <class name="test.acc">
        <test-method status="PASS" signature="start()[pri:0, instance:test.acc@181a1bc]" name="start" is-config="true" duration-ms="8645" started-at="2020-05-31T12:40:39Z" finished-at="2020-05-31T12:40:47Z">
          <reporter-output>
          </reporter-output>
        </test-method> <!-- start -->
        <test-method status="PASS" signature="ready()[pri:0, instance:test.acc@181a1bc]" name="ready" duration-ms="17871" started-at="2020-05-31T12:40:47Z" finished-at="2020-05-31T12:41:05Z">
          <reporter-output>
          </reporter-output>
        </test-method> <!-- ready -->
      </class> <!-- test.acc -->
    </test> <!-- Default test -->
  </suite> <!-- Default suite -->
</testng-results>
